<?xml version="1.0" encoding="UTF-8"?>
<!-- Generated by org.testng.reporters.JUnitXMLReporter -->
<testsuite ignored="0" hostname="DESKTOP-SQDPO82" failures="1" tests="1" name="Test" time="40.314" errors="0" timestamp="2025-05-07T20:34:36 IST">
  <testcase classname="testExecution.Demoblaze.TestPage" name="TC_EndToEndTest" time="24.66">
    <failure type="java.lang.AssertionError" message="expected [Product added.] but found [Product added]">
      <![CDATA[java.lang.AssertionError: expected [Product added.] but found [Product added]
at pages.AddToCart.Demoblaze_AddtoCart(AddToCart.java:43)
at testExecution.Demoblaze.TestPage.TC_EndToEndTest(TestPage.java:22)
at java.base/java.util.ArrayList.forEach(ArrayList.java:1511)
... Removed 33 stack frames]]>
    </failure>
  </testcase> <!-- TC_EndToEndTest -->
</testsuite> <!-- Test -->
