<?xml version="1.0" encoding="UTF-8"?>
<testng-results ignored="0" total="1" passed="0" failed="1" skipped="0">
  <reporter-output>
  </reporter-output>
  <suite started-at="2025-05-07T20:33:56 IST" name="Suite" finished-at="2025-05-07T20:34:36 IST" duration-ms="40314">
    <groups>
    </groups>
    <test started-at="2025-05-07T20:33:56 IST" name="Test" finished-at="2025-05-07T20:34:36 IST" duration-ms="40314">
      <class name="testExecution.Demoblaze.TestPage">
        <test-method is-config="true" signature="startTest()[pri:0, instance:testExecution.Demoblaze.TestPage@229f66ed]" started-at="2025-05-07T20:33:56 IST" name="startTest" finished-at="2025-05-07T20:33:57 IST" duration-ms="1087" status="PASS">
          <reporter-output>
          </reporter-output>
        </test-method> <!-- startTest -->
        <test-method is-config="true" signature="initializeDriver(java.lang.String)[pri:0, instance:testExecution.Demoblaze.TestPage@229f66ed]" started-at="2025-05-07T20:33:57 IST" name="initializeDriver" finished-at="2025-05-07T20:34:08 IST" duration-ms="11044" status="PASS">
          <params>
            <param index="0">
              <value>
                <![CDATA[Chrome]]>
              </value>
            </param>
          </params>
          <reporter-output>
          </reporter-output>
        </test-method> <!-- initializeDriver -->
        <test-method signature="TC_EndToEndTest()[pri:0, instance:testExecution.Demoblaze.TestPage@229f66ed]" started-at="2025-05-07T20:34:08 IST" name="TC_EndToEndTest" finished-at="2025-05-07T20:34:33 IST" duration-ms="24660" status="FAIL">
          <exception class="java.lang.AssertionError">
            <message>
              <![CDATA[expected [Product added.] but found [Product added]]]>
            </message>
            <full-stacktrace>
              <![CDATA[java.lang.AssertionError: expected [Product added.] but found [Product added]
at org.testng.Assert.fail(Assert.java:111)
at org.testng.Assert.failNotEquals(Assert.java:1578)
at org.testng.Assert.assertEqualsImpl(Assert.java:150)
at org.testng.Assert.assertEquals(Assert.java:132)
at org.testng.Assert.assertEquals(Assert.java:656)
at org.testng.Assert.assertEquals(Assert.java:666)
at pages.AddToCart.Demoblaze_AddtoCart(AddToCart.java:43)
at testExecution.Demoblaze.TestPage.TC_EndToEndTest(TestPage.java:22)
at java.base/jdk.internal.reflect.NativeMethodAccessorImpl.invoke0(Native Method)
at java.base/jdk.internal.reflect.NativeMethodAccessorImpl.invoke(NativeMethodAccessorImpl.java:77)
at java.base/jdk.internal.reflect.DelegatingMethodAccessorImpl.invoke(DelegatingMethodAccessorImpl.java:43)
at java.base/java.lang.reflect.Method.invoke(Method.java:568)
at org.testng.internal.invokers.MethodInvocationHelper.invokeMethod(MethodInvocationHelper.java:139)
at org.testng.internal.invokers.TestInvoker.invokeMethod(TestInvoker.java:664)
at org.testng.internal.invokers.TestInvoker.invokeTestMethod(TestInvoker.java:227)
at org.testng.internal.invokers.MethodRunner.runInSequence(MethodRunner.java:50)
at org.testng.internal.invokers.TestInvoker$MethodInvocationAgent.invoke(TestInvoker.java:957)
at org.testng.internal.invokers.TestInvoker.invokeTestMethods(TestInvoker.java:200)
at org.testng.internal.invokers.TestMethodWorker.invokeTestMethods(TestMethodWorker.java:148)
at org.testng.internal.invokers.TestMethodWorker.run(TestMethodWorker.java:128)
at java.base/java.util.ArrayList.forEach(ArrayList.java:1511)
at org.testng.TestRunner.privateRun(TestRunner.java:848)
at org.testng.TestRunner.run(TestRunner.java:621)
at org.testng.SuiteRunner.runTest(SuiteRunner.java:443)
at org.testng.SuiteRunner.runSequentially(SuiteRunner.java:437)
at org.testng.SuiteRunner.privateRun(SuiteRunner.java:397)
at org.testng.SuiteRunner.run(SuiteRunner.java:336)
at org.testng.SuiteRunnerWorker.runSuite(SuiteRunnerWorker.java:52)
at org.testng.SuiteRunnerWorker.run(SuiteRunnerWorker.java:95)
at org.testng.TestNG.runSuitesSequentially(TestNG.java:1280)
at org.testng.TestNG.runSuitesLocally(TestNG.java:1200)
at org.testng.TestNG.runSuites(TestNG.java:1114)
at org.testng.TestNG.run(TestNG.java:1082)
at org.testng.remote.AbstractRemoteTestNG.run(AbstractRemoteTestNG.java:115)
at org.testng.remote.RemoteTestNG.initAndRun(RemoteTestNG.java:293)
at org.testng.remote.RemoteTestNG.main(RemoteTestNG.java:91)
]]>
            </full-stacktrace>
          </exception> <!-- java.lang.AssertionError -->
          <reporter-output>
          </reporter-output>
        </test-method> <!-- TC_EndToEndTest -->
        <test-method is-config="true" signature="closeDriver()[pri:0, instance:testExecution.Demoblaze.TestPage@229f66ed]" started-at="2025-05-07T20:34:33 IST" name="closeDriver" finished-at="2025-05-07T20:34:35 IST" duration-ms="2292" status="PASS">
          <reporter-output>
          </reporter-output>
        </test-method> <!-- closeDriver -->
        <test-method is-config="true" signature="endTest()[pri:0, instance:testExecution.Demoblaze.TestPage@229f66ed]" started-at="2025-05-07T20:34:35 IST" name="endTest" finished-at="2025-05-07T20:34:36 IST" duration-ms="1026" status="PASS">
          <reporter-output>
          </reporter-output>
        </test-method> <!-- endTest -->
      </class> <!-- testExecution.Demoblaze.TestPage -->
    </test> <!-- Test -->
  </suite> <!-- Suite -->
</testng-results>
